Z:\TED ON MY MAC\GITHUB\CONFIGURATOR\RSCODE-FOR-AQ\RSCODE\RSCODE\RELEASE\RSCODE.DLL
Z:\Ted On My Mac\GitHub\Configurator\rscode-for-AQ\RScode\RScode\Release\RScode.exp
Z:\Ted On My Mac\GitHub\Configurator\rscode-for-AQ\RScode\RScode\Release\RScode.lib
Z:\TED ON MY MAC\GITHUB\CONFIGURATOR\RSCODE-FOR-AQ\RSCODE\RSCODE\RELEASE\RSCODE.PDB
Z:\TED ON MY MAC\GITHUB\CONFIGURATOR\RSCODE-FOR-AQ\RSCODE\RSCODE\RSCODE\RELEASE\DLLMAIN.OBJ
Z:\TED ON MY MAC\GITHUB\CONFIGURATOR\RSCODE-FOR-AQ\RSCODE\RSCODE\RSCODE\RELEASE\RSCODE.DLL.INTERMEDIATE.MANIFEST
Z:\TED ON MY MAC\GITHUB\CONFIGURATOR\RSCODE-FOR-AQ\RSCODE\RSCODE\RSCODE\RELEASE\RSCODE.OBJ
Z:\TED ON MY MAC\GITHUB\CONFIGURATOR\RSCODE-FOR-AQ\RSCODE\RSCODE\RSCODE\RELEASE\RSCODE.PCH
Z:\TED ON MY MAC\GITHUB\CONFIGURATOR\RSCODE-FOR-AQ\RSCODE\RSCODE\RSCODE\RELEASE\STDAFX.OBJ
Z:\TED ON MY MAC\GITHUB\CONFIGURATOR\RSCODE-FOR-AQ\RSCODE\RSCODE\RSCODE\RELEASE\VC100.PDB
Z:\Ted On My Mac\GitHub\Configurator\Source\Utilities\RScode\RScode\RScode\Release\RScode.pdb
Z:\Ted On My Mac\GitHub\Configurator\Source\Utilities\RScode\RScode\RScode\RScode\Release\cl.command.1.tlog
Z:\Ted On My Mac\GitHub\Configurator\Source\Utilities\RScode\RScode\RScode\RScode\Release\CL.read.1.tlog
Z:\Ted On My Mac\GitHub\Configurator\Source\Utilities\RScode\RScode\RScode\RScode\Release\CL.write.1.tlog
Z:\Ted On My Mac\GitHub\Configurator\Source\Utilities\RScode\RScode\RScode\RScode\Release\dllmain.obj
Z:\Ted On My Mac\GitHub\Configurator\Source\Utilities\RScode\RScode\RScode\RScode\Release\link.command.1.tlog
Z:\Ted On My Mac\GitHub\Configurator\Source\Utilities\RScode\RScode\RScode\RScode\Release\link.read.1.tlog
Z:\Ted On My Mac\GitHub\Configurator\Source\Utilities\RScode\RScode\RScode\RScode\Release\link.write.1.tlog
Z:\Ted On My Mac\GitHub\Configurator\Source\Utilities\RScode\RScode\RScode\RScode\Release\mt.command.1.tlog
Z:\Ted On My Mac\GitHub\Configurator\Source\Utilities\RScode\RScode\RScode\RScode\Release\mt.read.1.tlog
Z:\Ted On My Mac\GitHub\Configurator\Source\Utilities\RScode\RScode\RScode\RScode\Release\mt.write.1.tlog
Z:\Ted On My Mac\GitHub\Configurator\Source\Utilities\RScode\RScode\RScode\RScode\Release\RScode.dll.intermediate.manifest
Z:\Ted On My Mac\GitHub\Configurator\Source\Utilities\RScode\RScode\RScode\RScode\Release\RScode.obj
Z:\Ted On My Mac\GitHub\Configurator\Source\Utilities\RScode\RScode\RScode\RScode\Release\RScode.pch
Z:\Ted On My Mac\GitHub\Configurator\Source\Utilities\RScode\RScode\RScode\RScode\Release\RScode.write.1.tlog
Z:\Ted On My Mac\GitHub\Configurator\Source\Utilities\RScode\RScode\RScode\RScode\Release\stdafx.obj
Z:\Ted On My Mac\GitHub\Configurator\Source\Utilities\RScode\RScode\RScode\RScode\Release\vc100.pdb
